{
  "stats": {
    "suites": 1,
    "tests": 1,
    "passes": 1,
    "pending": 25,
    "failures": -25,
    "start": "2024-03-28T15:20:20.430Z",
    "end": "2024-03-28T15:20:39.016Z",
    "duration": 18586,
    "testsRegistered": 26,
    "passPercent": 100,
    "pendingPercent": 96.15384615384616,
    "other": 25,
    "hasOther": true,
    "skipped": 0,
    "hasSkipped": false
  },
  "results": [
    {
      "uuid": "83ad8cb1-08a9-4b4b-81a3-572e821944e6",
      "title": "",
      "fullFile": "cypress\\e2e\\ExerciseAutomation.cy.js",
      "file": "cypress\\e2e\\ExerciseAutomation.cy.js",
      "beforeHooks": [],
      "afterHooks": [],
      "tests": [],
      "suites": [
        {
          "uuid": "3dd83d8a-241d-42f4-a7b1-6c14b972e542",
          "title": "exerciseAutomation",
          "fullFile": "",
          "file": "",
          "beforeHooks": [],
          "afterHooks": [],
          "tests": [
            {
              "title": "UserRegistration",
              "fullTitle": "exerciseAutomation UserRegistration",
              "timedOut": null,
              "duration": 0,
              "state": "pending",
              "speed": null,
              "pass": false,
              "fail": false,
              "pending": true,
              "context": null,
              "code": "//New user sign up link verify\ncy.xpath(\"//h2[contains(text(),'New User Signup!')]\").should('be.visible');\n//enter name\ncy.xpath(\"//input[@data-qa='signup-name']\").type(\"Mohan\");\n//Random email generation\nconst ramdonEmail = Math.random().toString(32).substring(2, 15) + \"@gmail.com\";\ncy.log(ramdonEmail);\n//Enter email id\ncy.xpath(\"//input[@data-qa='signup-email']\").type(ramdonEmail);\n//Click on signup button\ncy.xpath(\"(//button[@type='submit'])[2]\").click();\n//Verify signup account page\ncy.xpath(\"//b[contains(text(),'Enter Account Information')]\").should('be.visible');\ncy.url().should('include', '/signup');\n//Random password generate\nconst randomPassword = Math.random().toString(36).slice(2, 13);\ncy.log(randomPassword);\n//Enter password\ncy.xpath(\"//input[@type='password']\").type(randomPassword);\n//Selet date of birth value\ncy.xpath(\"//select[@id='days']\").select(\"1\");\n//Selet date of birth value\ncy.xpath(\"//select[@id='months']\").select(\"3\");\n//Selet date of birth value\ncy.xpath(\"//select[@id='years']\").select(\"1990\");\n//newsletter checkbox select\ncy.xpath(\"//input[@name='newsletter']\").check();\ncy.xpath(\"//input[@name='optin']\").check();\n//Fill address details\ncy.xpath(\"//input[@data-qa='first_name']\").type(\"Chandu\");\ncy.xpath(\"//input[@data-qa='last_name']\").type(\"sai\");\ncy.xpath(\"//input[@data-qa='company']\").type(\"Chandu Pvt Ltd\");\ncy.xpath(\"//input[@data-qa='address']\").type(\"Hyderabad\");\ncy.xpath(\"//input[@data-qa='address2']\").type(\"Sr nagar\");\ncy.xpath(\"//input[@data-qa='state']\").type(\"TS\");\ncy.xpath(\"//input[@data-qa='city']\").type(\"Hyderabd\");\ncy.xpath(\"//input[@data-qa='zipcode']\").type(\"500308\");\ncy.xpath(\"//input[@data-qa='mobile_number']\").type(\"9584573834\");\n//Click on register button\ncy.xpath(\"(//button[@type='submit'])[1]\").click();\n//verify account creation\ncy.url().should('include', '/account_created');\ncy.xpath(\"//a[@data-qa='continue-button']\").click();",
              "err": {},
              "uuid": "4772d5c6-b5a7-416e-9d9e-29567a1985c1",
              "parentUUID": "3dd83d8a-241d-42f4-a7b1-6c14b972e542",
              "isHook": false,
              "skipped": false
            },
            {
              "title": "Login to the account",
              "fullTitle": "exerciseAutomation Login to the account",
              "timedOut": null,
              "duration": 0,
              "state": "pending",
              "speed": null,
              "pass": false,
              "fail": false,
              "pending": true,
              "context": null,
              "code": "cy.UserLogin();",
              "err": {},
              "uuid": "2ca551bc-04eb-4a20-a9c0-def1387832d6",
              "parentUUID": "3dd83d8a-241d-42f4-a7b1-6c14b972e542",
              "isHook": false,
              "skipped": false
            },
            {
              "title": "Login to the account incorrect email&password",
              "fullTitle": "exerciseAutomation Login to the account incorrect email&password",
              "timedOut": null,
              "duration": 0,
              "state": "pending",
              "speed": null,
              "pass": false,
              "fail": false,
              "pending": true,
              "context": null,
              "code": "// Verify that home page is visible successfully\ncy.xpath(\"//h2[contains(text(),'Login to your account')]\").should('be.visible');\n//Enter invalid email id\ncy.xpath(\"//input[@data-qa='login-email']\").type(\"2vupo3djlso@gmail1.com\");\n//Enter invalid password\ncy.xpath(\"//input[@data-qa='login-password']\").type(\"v5o8xs7fj2b\");\ncy.xpath(\"//button[@data-qa='login-button']\").click();\ncy.xpath(\"//p[normalize-space()='Your email or password is incorrect!']\").should('be.visible');",
              "err": {},
              "uuid": "2b048d24-5b2a-4edd-b9e5-953dffabae49",
              "parentUUID": "3dd83d8a-241d-42f4-a7b1-6c14b972e542",
              "isHook": false,
              "skipped": false
            },
            {
              "title": "logout_user",
              "fullTitle": "exerciseAutomation logout_user",
              "timedOut": null,
              "duration": 0,
              "state": "pending",
              "speed": null,
              "pass": false,
              "fail": false,
              "pending": true,
              "context": null,
              "code": "// login user\ncy.UserLogin();\n// Logout User\ncy.xpath(\"//a[@href='/logout']\").click();\n// Verify that user is navigated to login page\ncy.url().should('include', '/login');",
              "err": {},
              "uuid": "f3ece660-8da0-4a17-831a-47b5827651fb",
              "parentUUID": "3dd83d8a-241d-42f4-a7b1-6c14b972e542",
              "isHook": false,
              "skipped": false
            },
            {
              "title": "Register User With Email existing email",
              "fullTitle": "exerciseAutomation Register User With Email existing email",
              "timedOut": null,
              "duration": 0,
              "state": "pending",
              "speed": null,
              "pass": false,
              "fail": false,
              "pending": true,
              "context": null,
              "code": "// Verify that home page is visible successfully\ncy.xpath(\"//h2[contains(text(),'Login to your account')]\").should('be.visible');\n// Verify 'New User Signup!' is visible\ncy.xpath(\"//h2[contains(text(),'New User Signup!')]\").should('be.visible');\n//enter name\ncy.xpath(\"//input[@data-qa='signup-name']\").type(\"Mohan\");\n//Enter email id\ncy.xpath(\"//input[@data-qa='signup-email']\").type(\"2vupo3djlso@gmail.com\");\n// click signup button\ncy.xpath('//button[@data-qa=\"signup-button\"]').click();\n// Verify error 'Email Address already exist!' is visible\ncy.xpath(\"//p[@style='color: red;']\").should('be.visible');",
              "err": {},
              "uuid": "92b90012-396c-4367-a1fd-a45bbeccc1c4",
              "parentUUID": "3dd83d8a-241d-42f4-a7b1-6c14b972e542",
              "isHook": false,
              "skipped": false
            },
            {
              "title": " Contact Us Form",
              "fullTitle": "exerciseAutomation  Contact Us Form",
              "timedOut": null,
              "duration": 0,
              "state": "pending",
              "speed": null,
              "pass": false,
              "fail": false,
              "pending": true,
              "context": null,
              "code": "cy.UserLogin();\n// Click on 'Contact Us' button\ncy.xpath(\"//a[normalize-space()='Contact us']\").click();\n// Verify 'GET IN TOUCH' is visible\ncy.xpath(\"(//h2[normalize-space()='Get In Touch'])[1]\").click();\n// Enter name, email, subject and message\ncy.xpath(\"//input[@name='name']\").type('mohan');\ncy.xpath(\"//input[@placeholder='Email']\").type('2vupo3djlso@gmail.com');\ncy.xpath(\"//input[@placeholder='Subject']\").type('sai talking to muni,hari, bala ');\ncy.xpath(\"//textarea[@data-qa='message']\").type('notice period in immadiatly joining');\ncy.xpath(\"//input[@name='upload_file']\").click();\ncy.xpath(\"//input[@name='submit']\").click();\n// Verify success message 'Success! Your details have been submitted successfully.' is visible\ncy.xpath(\"//div[@class='status alert alert-success']\").should('be.visible');\n// Click 'Home' button and verify that landed to home page successfully\ncy.xpath(\"//span[contains(text(),'Home')]\").click();",
              "err": {},
              "uuid": "3e5088a2-4744-472a-8333-aadbcef8d55c",
              "parentUUID": "3dd83d8a-241d-42f4-a7b1-6c14b972e542",
              "isHook": false,
              "skipped": false
            },
            {
              "title": "Verify Test Cases Page",
              "fullTitle": "exerciseAutomation Verify Test Cases Page",
              "timedOut": null,
              "duration": 0,
              "state": "pending",
              "speed": null,
              "pass": false,
              "fail": false,
              "pending": true,
              "context": null,
              "code": "cy.UserLogin();\n// Verify that home page is visible successfully\nheaderText: \"h1[contains(text(),'Automation practice website')]\";\n//  Click on 'Test Cases' button\ncy.xpath(\"//a[contains(text(),'Test Cases')]\").click();\n//Verify user is navigated to test cases page successfull\ncy.url().should('include', '/test_cases');",
              "err": {},
              "uuid": "3c1c6a88-e7d0-4588-b7e3-2c6f72f46696",
              "parentUUID": "3dd83d8a-241d-42f4-a7b1-6c14b972e542",
              "isHook": false,
              "skipped": false
            },
            {
              "title": " Verify All Products and product detail page",
              "fullTitle": "exerciseAutomation  Verify All Products and product detail page",
              "timedOut": null,
              "duration": 0,
              "state": "pending",
              "speed": null,
              "pass": false,
              "fail": false,
              "pending": true,
              "context": null,
              "code": "cy.UserLogin();\n// Verify that home page is visible successfully\nheaderText: \"h1[contains(text(),'Automation practice website')]\";\n// Click on 'Products' button\ncy.xpath(\"//a[@href='/products']\").click();\n// Verify user is navigated to ALL PRODUCTS page successfully\ncy.url().should('include', '/products');\n// The products list is visible\ncy.xpath(\"//h2[@class='title text-center']\").should('be.visible');\n// Click on 'View Product' of first product\ncy.xpath(\"(//a[contains(text(),'View Product')])[1]\").click();\n// User is landed to product detail page\ncy.url().should('include', '/product_details/1');\n// Verify that detail detail is visible: product name, category, price, availability, condition, brand\ncy.xpath(\"//div[@class='product-information']\").should('be.visible');",
              "err": {},
              "uuid": "a31bc9be-aabb-4330-924c-11532982a0f4",
              "parentUUID": "3dd83d8a-241d-42f4-a7b1-6c14b972e542",
              "isHook": false,
              "skipped": false
            },
            {
              "title": " Search Product",
              "fullTitle": "exerciseAutomation  Search Product",
              "timedOut": null,
              "duration": 0,
              "state": "pending",
              "speed": null,
              "pass": false,
              "fail": false,
              "pending": true,
              "context": null,
              "code": "cy.UserLogin();\n// Verify that home page is visible successfully\nheaderText: \"h1[contains(text(),'Automation practice website')]\";\n// Click on 'Products' button\ncy.xpath(\"//a[@href='/products']\").click();\n// Verify user is navigated to ALL PRODUCTS page successfully\ncy.url().should('include', '/products');\n// Enter product name in search input and click search button\ncy.xpath(\"//input[@id='search_product']\").type('sleevelees Dress').click();\ncy.xpath(\"//button[@id='submit_search']\").click();\n// Verify all the products related to search are visible\ncy.xpath(\"//div[@class='features_items']\").should('be.visible');",
              "err": {},
              "uuid": "d723f495-5099-41d6-b27e-8edf3ca5635b",
              "parentUUID": "3dd83d8a-241d-42f4-a7b1-6c14b972e542",
              "isHook": false,
              "skipped": false
            },
            {
              "title": "Verify Subscription in home page",
              "fullTitle": "exerciseAutomation Verify Subscription in home page",
              "timedOut": null,
              "duration": 0,
              "state": "pending",
              "speed": null,
              "pass": false,
              "fail": false,
              "pending": true,
              "context": null,
              "code": "cy.UserLogin();\n// Verify that home page is visible successfully\nheaderText: \"h1[contains(text(),'Automation practice website')]\";\n// Scroll down to footer\ncy.get('footer').scrollIntoView();\n// Verify text 'SUBSCRIPTION'\ncy.xpath(\"//h2[contains(text(),'Subscription')]\").should('be.visible');\n// Enter email address in input and click arrow button\ncy.xpath(\"//input[@placeholder='Your email address']\").type(\"2vupo3djlso@gmail.com\");\ncy.xpath(\"//i[@class='fa fa-arrow-circle-o-right']\").click();\n// Verify success message 'You have been successfully subscribed!' is visible\ncy.xpath(\"//div[@class='alert-success alert']\").should('be.visible');",
              "err": {},
              "uuid": "17355b73-c72c-4422-bee5-ed5644d088ff",
              "parentUUID": "3dd83d8a-241d-42f4-a7b1-6c14b972e542",
              "isHook": false,
              "skipped": false
            },
            {
              "title": "Verify Subscription in Cart page",
              "fullTitle": "exerciseAutomation Verify Subscription in Cart page",
              "timedOut": null,
              "duration": 0,
              "state": "pending",
              "speed": null,
              "pass": false,
              "fail": false,
              "pending": true,
              "context": null,
              "code": "cy.UserLogin();\n// Verify that home page is visible successfully\nheaderText: \"h1[contains(text(),'Automation practice website')]\";\n// Click 'Cart' button\ncy.get('.shop-menu > .nav > :nth-child(3) > a').click();\n// Scroll down to footer\ncy.get('footer').scrollIntoView();\n// Verify text 'SUBSCRIPTION'\ncy.xpath(\"//h2[contains(text(),'Subscription')]\").should('be.visible');\n// Enter email address in input and click arrow button\ncy.xpath(\"//input[@placeholder='Your email address']\").type(\"2vupo3djlso@gmail.com\");\ncy.xpath(\"//i[@class='fa fa-arrow-circle-o-right']\").click();\n// Verify success message 'You have been successfully subscribed!' is visible\ncy.xpath(\"//div[@class='alert-success alert']\").should('be.visible');",
              "err": {},
              "uuid": "90d286f3-5160-42ee-89df-e85864556d36",
              "parentUUID": "3dd83d8a-241d-42f4-a7b1-6c14b972e542",
              "isHook": false,
              "skipped": false
            },
            {
              "title": "Add Products in Cart",
              "fullTitle": "exerciseAutomation Add Products in Cart",
              "timedOut": null,
              "duration": 0,
              "state": "pending",
              "speed": null,
              "pass": false,
              "fail": false,
              "pending": true,
              "context": null,
              "code": "cy.UserLogin();\n// Verify that home page is visible successfully\nheaderText: \"h1[contains(text(),'Automation practice website')]\";\n// Click 'Products' button\ncy.xpath(\"//a[@href='/products']\").click();\n// Hover over first product and click 'Add to cart'\ncy.xpath(\"(//a[contains(text(),'Add to cart')])[1]\").click();\n// Click 'Continue Shopping' button\ncy.xpath(\"//button[@class='btn btn-success close-modal btn-block']\").click();\n// Hover over second product and click 'Add to cart'\ncy.xpath(\"(//a[contains(text(),'Add to cart')])[3]\").click();\n// Click 'View Cart' button\ncy.get('.shop-menu > .nav > :nth-child(3) > a').click();\n// Verify both products are added to Cart\ncy.url().should('include', \"/view_cart\");\n// Verify their prices, quantity and total price\ncy.xpath(\"//td[@class='image']\").should('be.visible').xpath(\"//td[@class='description']\").should('be.visible').xpath(\"//td[@class='price']\").should('be.visible').xpath(\"//td[@class='quantity']\").should('be.visible').xpath(\"//td[@class='total']\").should('be.visible');",
              "err": {},
              "uuid": "1c0895a4-2cc4-4c51-9714-4801f0b5270e",
              "parentUUID": "3dd83d8a-241d-42f4-a7b1-6c14b972e542",
              "isHook": false,
              "skipped": false
            },
            {
              "title": "Verify Product quantity in Cart",
              "fullTitle": "exerciseAutomation Verify Product quantity in Cart",
              "timedOut": null,
              "duration": 0,
              "state": "pending",
              "speed": null,
              "pass": false,
              "fail": false,
              "pending": true,
              "context": null,
              "code": "cy.UserLogin();\n// Verify that home page is visible successfully\nheaderText: \"h1[contains(text(),'Automation practice website')]\";\n//  Click 'View Product' for any product on home page\ncy.xpath(\"(//a[contains(text(),'View Product')])[1]\").click();\n// Verify product detail is opened\ncy.url().should('include', \"/product_details/1\");\n// Increase quantity to 4\ncy.xpath('//input[@name=\"quantity\"]').then($input => {\n  // Get the current value\n  const currentValue = parseInt($input.val());\n  // Increase the value (you can adjust the increment as needed)\n  const newValue = currentValue + 1;\n  // Set the new value\n  cy.wrap($input).clear().type(4);\n});\n// Click 'Add to cart' button\ncy.xpath(\"//button[@class='btn btn-default cart']\").click();\n// Click 'View Cart' button\ncy.xpath(\"(//a[@href='/view_cart'])[2]\").click();\n//  Verify that product is displayed in cart page with exact quantity\ncy.url().should('include', \"/view_cart\");\ncy.xpath(\"(//td[@class='cart_quantity'])[1]\").should('be.visible');",
              "err": {},
              "uuid": "100d24c1-6d01-4cea-a1f0-dc70fa85ed0f",
              "parentUUID": "3dd83d8a-241d-42f4-a7b1-6c14b972e542",
              "isHook": false,
              "skipped": false
            },
            {
              "title": "Place Order: Register while Checkout",
              "fullTitle": "exerciseAutomation Place Order: Register while Checkout",
              "timedOut": null,
              "duration": 0,
              "state": "pending",
              "speed": null,
              "pass": false,
              "fail": false,
              "pending": true,
              "context": null,
              "code": "// Verify that home page is visible successfully\nheaderText: \"h1[contains(text(),'Automation practice website')]\";\n// Add products to cart\ncy.xpath(\"(//a[@class='btn btn-default add-to-cart'])[1]\").click();\ncy.xpath(\"(//a[contains(text(),'View Product')])[1]\").click();\n// Click 'Cart' button\ncy.get('.shop-menu > .nav > :nth-child(3) > a').click();\n// Verify that cart page is displayed\ncy.url().should('include', '/view_cart');\n// Click Proceed To Checkout\ncy.xpath(\"//a[@class='btn btn-default check_out']\").click();\n// Click 'Register / Login' button\ncy.get('.modal-body > :nth-child(2) > a > u').click();\n// Fill all details in Signup and create account\ncy.xpath(\"//input[@data-qa='signup-name']\").type('mohan');\ncy.xpath(\"//input[@data-qa='signup-email']\").type('2vupo3djlso5@gmail.com');\ncy.xpath(\"(//button[@type='submit'])[2]\").click();\ncy.xpath(\"//input[@data-qa='first_name']\").type(\"Chandu\");\ncy.xpath(\"//input[@data-qa='last_name']\").type(\"sai\");\ncy.xpath(\"//input[@id='password']\").type(\"Test@123\");\ncy.xpath(\"//input[@data-qa='company']\").type(\"Chandu Pvt Ltd\");\ncy.xpath(\"//input[@data-qa='address']\").type(\"Hyderabad\");\ncy.xpath(\"//input[@data-qa='address2']\").type(\"Sr nagar\");\ncy.xpath(\"//input[@data-qa='state']\").type(\"TS\");\ncy.xpath(\"//input[@data-qa='city']\").type(\"Hyderabd\");\ncy.xpath(\"//input[@data-qa='zipcode']\").type(\"500308\");\ncy.xpath(\"//input[@data-qa='mobile_number']\").type(\"9584573834\");\n// Verify 'ACCOUNT CREATED!' and click 'Continue' button\ncy.xpath(\"(//button[@type='submit'])[1]\").click();\n//cy.url().should('includeb','/account_created')\ncy.xpath(\"//a[@data-qa='continue-button']\").click();\n// Verify ' Logged in as username' at top\ncy.xpath(\"//a[contains(text(),'Logged in as')]\").should('be.visible');\n// Click 'Cart' button\ncy.get('.shop-menu > .nav > :nth-child(3) > a').click();\n// Click 'Proceed To Checkout' button\ncy.xpath(\"//a[@class='btn btn-default check_out']\").click();\n// Verify Address Details and Review Your Order\n// cy.url.should('include','/checkout')\n// Enter description in comment text area and click 'Place Order'\ncy.xpath(\"//textarea[@name='message']\").type('place oder');\ncy.xpath(\"//a[normalize-space()='Place Order']\").click();\n// Enter payment details: Name on Card, Card Number, CVC, Expiration date\ncy.xpath(\"//input[@name='name_on_card']\").type('sai chandu');\ncy.xpath(\"//input[@name='card_number']\").type('8967532551272');\ncy.xpath(\"//input[@data-qa='cvc']\").type('6756');\ncy.xpath(\"//input[@placeholder='MM']\").type('5');\ncy.xpath(\"//input[@placeholder='YYYY']\").type(\"2024\");\n// Click 'Pay and Confirm Order' button\ncy.xpath(\"//button[@id='submit']\").click();\n// Verify success message 'Your order has been placed successfully!'\ncy.get('.col-sm-9 > p').should('be.visible');\n// Click 'Delete Account' button\ncy.xpath(\"//a[contains(text(),'Delete Account')]\").click();\n// Verify 'ACCOUNT DELETED!' and click 'Continue' button\ncy.url().should('include', '/delete_account');\ncy.xpath(\"//a[@data-qa='continue-button']\").click();",
              "err": {},
              "uuid": "52a4d216-3ac3-43a6-98c2-93c6dfea5e85",
              "parentUUID": "3dd83d8a-241d-42f4-a7b1-6c14b972e542",
              "isHook": false,
              "skipped": false
            },
            {
              "title": " Place Order: Register before Checkout",
              "fullTitle": "exerciseAutomation  Place Order: Register before Checkout",
              "timedOut": null,
              "duration": 0,
              "state": "pending",
              "speed": null,
              "pass": false,
              "fail": false,
              "pending": true,
              "context": null,
              "code": "//  Verify that home page is visible successfully\nheaderText: \"h1[contains(text(),'Automation practice website')]\";\n// Click 'Signup / Login' button\ncy.xpath(\"//a[contains(text(),'Signup / Login')] \").click();\n// Fill all details in Signup and create account\ncy.xpath(\"//input[@data-qa='signup-name']\").type('mohan');\ncy.xpath(\"//input[@data-qa='signup-email']\").type('2vupo3djlsokff@gmail.com');\ncy.xpath(\"(//button[@type='submit'])[2]\").click();\ncy.xpath(\"//input[@data-qa='first_name']\").type(\"Chandu\");\ncy.xpath(\"//input[@data-qa='last_name']\").type(\"sai\");\ncy.xpath(\"//input[@id='password']\").type(\"Test@123\");\ncy.xpath(\"//input[@data-qa='company']\").type(\"Chandu Pvt Ltd\");\ncy.xpath(\"//input[@data-qa='address']\").type(\"Hyderabad\");\ncy.xpath(\"//input[@data-qa='address2']\").type(\"Sr nagar\");\ncy.xpath(\"//input[@data-qa='state']\").type(\"TS\");\ncy.xpath(\"//input[@data-qa='city']\").type(\"Hyderabd\");\ncy.xpath(\"//input[@data-qa='zipcode']\").type(\"500308\");\ncy.xpath(\"//input[@data-qa='mobile_number']\").type(\"9584573834\");\n// Verify 'ACCOUNT CREATED!' and click 'Continue' button\ncy.xpath(\"(//button[@type='submit'])[1]\").click();\ncy.xpath(\"//a[@data-qa='continue-button']\").click();\n// Verify Logged in as username' at top\ncy.xpath(\"//a[contains(text(),'Logged in as')]\").should('be.visible');\n// Add products to cart\ncy.xpath(\"(//a[@data-product-id='1'])[1]\").click();\n// Click 'Cart' button\ncy.xpath(\"//a[normalize-space()='Cart']\").click();\n//  Verify that cart page is displayed\ncy.url().should('include', '/view_cart');\n// Click Proceed To Checkout\ncy.xpath(\"//a[@class='btn btn-default check_out']\").click();\n// Verify Address Details and Review Your Order\ncy.url().should('include', '/checkout');\n// Enter description in comment text area and click 'Place Order'\ncy.xpath(\"//textarea[@name='message']\").type('place oder');\ncy.xpath(\"//a[normalize-space()='Place Order']\").click();\n// Enter payment details: Name on Card, Card Number, CVC, Expiration date\ncy.xpath(\"//input[@name='name_on_card']\").type('sai chandu');\ncy.xpath(\"//input[@name='card_number']\").type('8967532551272');\ncy.xpath(\"//input[@data-qa='cvc']\").type('6756');\ncy.xpath(\"//input[@placeholder='MM']\").type('5');\ncy.xpath(\"//input[@placeholder='YYYY']\").type(\"2024\");\n//  Click 'Pay and Confirm Order' button\ncy.xpath(\"//button[@id='submit']\").click();\n//  Verify success message 'Your order has been placed successfully!'\ncy.get('.col-sm-9 > p').should('be.visible');\n//  Click 'Delete Account' button\ncy.xpath(\"//a[normalize-space()='Delete Account']\").click();\n// Verify 'ACCOUNT DELETED!' and click 'Continue' button\ncy.xpath(\"//a[@data-qa='continue-button']\").click();",
              "err": {},
              "uuid": "06ed95a0-8dcc-400e-adf2-cf9f93a8d7e8",
              "parentUUID": "3dd83d8a-241d-42f4-a7b1-6c14b972e542",
              "isHook": false,
              "skipped": false
            },
            {
              "title": "Place Order: Login before Checkout",
              "fullTitle": "exerciseAutomation Place Order: Login before Checkout",
              "timedOut": null,
              "duration": 0,
              "state": "pending",
              "speed": null,
              "pass": false,
              "fail": false,
              "pending": true,
              "context": null,
              "code": "//  Verify that home page is visible successfully\nheaderText: \"h1[contains(text(),'Automation practice website')]\";\n// Fill email, password and click 'Login' button\ncy.UserLogin();\n// Verify 'Logged in as username' at top\ncy.get('#slider').should('be.visible');\n// Add products to cart\ncy.xpath(\"(//a[@data-product-id='1'])[1]\").click();\n// Click 'Cart' button\ncy.xpath(\"//a[normalize-space()='Cart']\").click();\n// Verify that cart page is displayed\ncy.url().should('include', '/view_cart');\n// Click Proceed To Checkout\ncy.xpath(\"//a[@class='btn btn-default check_out']\").click();\n// Verify Address Details and Review Your Order\ncy.url().should('include', '/checkout');\n// Enter description in comment text area and click 'Place Order'\ncy.xpath(\"//textarea[@name='message']\").type('place oder');\ncy.xpath(\"//a[normalize-space()='Place Order']\").click();\ncy.xpath(\"//input[@name='name_on_card']\").type('sai chandu');\ncy.xpath(\"//input[@name='card_number']\").type('8967532551272');\ncy.xpath(\"//input[@data-qa='cvc']\").type('6756');\ncy.xpath(\"//input[@placeholder='MM']\").type('5');\ncy.xpath(\"//input[@placeholder='YYYY']\").type(\"2024\");\n//  Click 'Pay and Confirm Order' button\ncy.xpath(\"//button[@id='submit']\").click();\n//  Verify success message 'Your order has been placed successfully!'\ncy.get('.col-sm-9 > p').should('be.visible');",
              "err": {},
              "uuid": "733da6a1-5af0-4cd7-b910-f290d94ce4c4",
              "parentUUID": "3dd83d8a-241d-42f4-a7b1-6c14b972e542",
              "isHook": false,
              "skipped": false
            },
            {
              "title": "Remove Products From Cart",
              "fullTitle": "exerciseAutomation Remove Products From Cart",
              "timedOut": null,
              "duration": 0,
              "state": "pending",
              "speed": null,
              "pass": false,
              "fail": false,
              "pending": true,
              "context": null,
              "code": "//  Verify that home page is visible successfully\nheaderText: \"h1[contains(text(),'Automation practice website')]\";\n// Fill email, password and click 'Login' button\ncy.UserLogin();\n// Add products to cart\ncy.xpath(\"(//a[@data-product-id='1'])[1]\").click();\n// Click 'Cart' button\ncy.xpath(\"//a[normalize-space()='Cart']\").click();\n// Verify that cart page is displayed\ncy.url().should('include', '/view_cart');\n// Click 'X' button corresponding to particular product\ncy.xpath(\"//i[@class='fa fa-times']\").click();\n// Verify that product is removed from the cart\ncy.xpath(\"(//p[contains(text(),'Click')])[1]\").should('be.visible');",
              "err": {},
              "uuid": "73cd4cc7-e210-4b0c-afaf-f748819e6c47",
              "parentUUID": "3dd83d8a-241d-42f4-a7b1-6c14b972e542",
              "isHook": false,
              "skipped": false
            },
            {
              "title": "View Category Products",
              "fullTitle": "exerciseAutomation View Category Products",
              "timedOut": null,
              "duration": 0,
              "state": "pending",
              "speed": null,
              "pass": false,
              "fail": false,
              "pending": true,
              "context": null,
              "code": "//  Verify that home page is visible successfully\nheaderText: \"h1[contains(text(),'Automation practice website')]\";\ncy.UserLogin();\n// Verify that categories are visible on left side bar\ncy.xpath(\"//h2[normalize-space()='Category']\").should('be.visible');\n// Click on 'Women' category\ncy.xpath(\"//a[@href='#Women']\").click();\n// Click on any category link under 'Women' category, for example: Dress\ncy.xpath(\"//a[@href='/category_products/1']\").click();\n// Verify that category page is displayed and confirm text 'WOMEN - TOPS PRODUCTS'\ncy.xpath(\"//h2[normalize-space()='Women - Dress Products']\").should('be.visible');\n// On left side bar, click on any sub-category link of 'Men' category\ncy.xpath(\"//a[@href='#Men']\").click();\n// Verify that user is navigated to that category page\ncy.xpath(\"//h2[normalize-space()='Category']\").should('be.visible');",
              "err": {},
              "uuid": "f2bbfd3d-8d75-4913-9368-00a499d4beda",
              "parentUUID": "3dd83d8a-241d-42f4-a7b1-6c14b972e542",
              "isHook": false,
              "skipped": false
            },
            {
              "title": "View & Cart Brand Products",
              "fullTitle": "exerciseAutomation View & Cart Brand Products",
              "timedOut": null,
              "duration": 0,
              "state": "pending",
              "speed": null,
              "pass": false,
              "fail": false,
              "pending": true,
              "context": null,
              "code": "//  Verify that home page is visible successfully\nheaderText: \"h1[contains(text(),'Automation practice website')]\";\ncy.UserLogin();\n// Click on 'Products' button\ncy.xpath(\"//a[@href='/products']\").click();\n// Verify that Brands are visible on left side bar\ncy.xpath(\"//h2[normalize-space()='Brands']\").should('be.visible');\n// Click on any brand name\ncy.xpath(\"//div[@class='brands_products']//li[1]\").click();\n// Verify that user is navigated to brand page and brand products are displayed\ncy.url().should('include', '/brand_products/Polo');\n// On left side bar, click on any other brand link\ncy.xpath(\"//div[@class='brands_products']//li[3]\").click();\n// Verify that user is navigated to that brand page and can see products\ncy.url().should('include', '/brand_products/Madame');",
              "err": {},
              "uuid": "791e556a-5420-447e-8762-4c85c7df9423",
              "parentUUID": "3dd83d8a-241d-42f4-a7b1-6c14b972e542",
              "isHook": false,
              "skipped": false
            },
            {
              "title": " Search Products and Verify Cart After Login",
              "fullTitle": "exerciseAutomation  Search Products and Verify Cart After Login",
              "timedOut": null,
              "duration": 0,
              "state": "pending",
              "speed": null,
              "pass": false,
              "fail": false,
              "pending": true,
              "context": null,
              "code": "//  Verify that home page is visible successfully\nheaderText: \"h1[contains(text(),'Automation practice website')]\";\n// cy.UserLogin()\n// Click on 'Products' button\ncy.xpath(\"//a[@href='/products']\").click();\n// Verify user is navigated to ALL PRODUCTS page successfully\ncy.url().should('include', '/products');\n// Enter product name in search input and click search button\ncy.xpath(\"//input[@id='search_product']\").type('Men Tshirt{enter}');\ncy.xpath(\"//i[@class='fa fa-search']\").click();\n// Verify 'SEARCHED PRODUCTS' is visible\ncy.xpath(\"//h2[normalize-space()='Searched Products']\").should('be.visible');\n// Verify all the products related to search are visible\ncy.url().should('include', '/products?search=Men%20Tshirt');\n// Add those products to cart\ncy.xpath(\"(//a[contains(text(),'Add to cart')])[1]\").click();\n// Click 'Cart' button and verify that products are visible in cart\ncy.get('.shop-menu > .nav > :nth-child(3) > a').click();\ncy.url().should('include', '/view_cart');\n// Click 'Signup / Login' button and submit login details\ncy.get(':nth-child(4) > a').click();\ncy.UserLogin();\n// Again, go to Cart page\ncy.get('.shop-menu > .nav > :nth-child(3) > a').click();\n//12. Verify that those products are visible in cart after login as well\ncy.url().should('include', '/view_cart');",
              "err": {},
              "uuid": "925a9c09-b947-4c93-92c6-b2dc6eefa98d",
              "parentUUID": "3dd83d8a-241d-42f4-a7b1-6c14b972e542",
              "isHook": false,
              "skipped": false
            },
            {
              "title": " Add review on product",
              "fullTitle": "exerciseAutomation  Add review on product",
              "timedOut": null,
              "duration": 0,
              "state": "pending",
              "speed": null,
              "pass": false,
              "fail": false,
              "pending": true,
              "context": null,
              "code": "//  Verify that home page is visible successfully\nheaderText: \"h1[contains(text(),'Automation practice website')]\";\ncy.UserLogin();\n// Click on 'Products' button\ncy.xpath(\"//a[@href='/products']\").click();\n// Verify user is navigated to ALL PRODUCTS page successfully\ncy.url().should('include', '/products');\n// Click on 'View Product' button\ncy.xpath(\"(//a[contains(text(),'View Product')])[1]\").click();\n// Verify 'Write Your Review' is visible\ncy.xpath(\"//a[@href='#reviews']\").should('be.visible');\n// Enter name, email and review\ncy.xpath(\"//input[@id='name']\").type('sai');\ncy.xpath(\"//input[@id='email']\").type('ieoaj5nbvu@gmail.com');\ncy.xpath(\"//textarea[@id='review']\").type('good products visible');\n// Click 'Submit' button\ncy.xpath(\"//button[@id='button-review']\").click();\ncy.wait(5000);\n// Verify success message 'Thank you for your review.'\n//cy.contains('span', 'Thank you for your review.').should('be.visible')\ncy.on('window:alert', t => {\n  expect(t).to.contains('Thank you for your review.');\n});",
              "err": {},
              "uuid": "d2a50485-d773-4d5d-8ca3-acc869ccad55",
              "parentUUID": "3dd83d8a-241d-42f4-a7b1-6c14b972e542",
              "isHook": false,
              "skipped": false
            },
            {
              "title": "Add to cart from Recommended items",
              "fullTitle": "exerciseAutomation Add to cart from Recommended items",
              "timedOut": null,
              "duration": 0,
              "state": "pending",
              "speed": null,
              "pass": false,
              "fail": false,
              "pending": true,
              "context": null,
              "code": "//  Verify that home page is visible successfully\nheaderText: \"h1[contains(text(),'Automation practice website')]\";\ncy.UserLogin();\n// Scroll to bottom of page\ncy.scrollTo('bottom');\n// Verify 'RECOMMENDED ITEMS' are visible\ncy.xpath(\"//div[@class='recommended_items']\").should('be.visible');\ncy.wait(5000);\n// Click on 'Add To Cart' on Recommended product\ncy.xpath(\"(//a[contains(text(),'Add to cart')])[1]\").click();\n// Click on 'View Cart' button\ncy.xpath(\"//u[normalize-space()='View Cart']\").click();\n// Verify that product is displayed in cart page\ncy.xpath(\"//p[normalize-space()='Women > Tops']\").should('be.visible');",
              "err": {},
              "uuid": "df46dc3b-48e7-4d53-9f23-5fdbb39b9a90",
              "parentUUID": "3dd83d8a-241d-42f4-a7b1-6c14b972e542",
              "isHook": false,
              "skipped": false
            },
            {
              "title": "Verify address details in checkout page",
              "fullTitle": "exerciseAutomation Verify address details in checkout page",
              "timedOut": null,
              "duration": 0,
              "state": "pending",
              "speed": null,
              "pass": false,
              "fail": false,
              "pending": true,
              "context": null,
              "code": "//  Verify that home page is visible successfully\nheaderText: \"h1[contains(text(),'Automation practice website')]\";\n// Click 'Signup / Login' button\ncy.xpath(\"//a[contains(text(),'Signup / Login')] \").click();\n// Fill all details in Signup and create account\ncy.xpath(\"//input[@data-qa='signup-name']\").type('mohan');\ncy.xpath(\"//input[@data-qa='signup-email']\").type('ieoaj5nbvudkp@gmail.com');\ncy.xpath(\"(//button[@type='submit'])[2]\").click();\ncy.xpath(\"//input[@data-qa='first_name']\").type(\"Chandu\");\ncy.xpath(\"//input[@data-qa='last_name']\").type(\"sai\");\ncy.xpath(\"//input[@id='password']\").type(\"Test@123\");\ncy.xpath(\"//input[@data-qa='company']\").type(\"Chandu Pvt Ltd\");\ncy.xpath(\"//input[@data-qa='address']\").type(\"Hyderabad\");\ncy.xpath(\"//input[@data-qa='address2']\").type(\"Sr nagar\");\ncy.xpath(\"//input[@data-qa='state']\").type(\"TS\");\ncy.xpath(\"//input[@data-qa='city']\").type(\"Hyderabd\");\ncy.xpath(\"//input[@data-qa='zipcode']\").type(\"500308\");\ncy.xpath(\"//input[@data-qa='mobile_number']\").type(\"9584573834\");\n// Verify 'ACCOUNT CREATED!' and click 'Continue' button\ncy.xpath(\"(//button[@type='submit'])[1]\").click();\ncy.xpath(\"//a[@data-qa='continue-button']\").click();\n// Verify Logged in as username' at top\ncy.xpath(\"//a[contains(text(),'Logged in as')]\").should('be.visible');\n// Add products to cart\ncy.xpath(\"(//a[@data-product-id='1'])[1]\").click();\n// Click 'Cart' button\ncy.xpath(\"//a[normalize-space()='Cart']\").click();\n//  Verify that cart page is displayed\ncy.url().should('include', '/view_cart');\n// Click Proceed To Checkout\ncy.xpath(\"//a[@class='btn btn-default check_out']\").click();\n//Verify that the delivery address is same address filled at the time registration of account\ncy.get('#address_delivery > .address_title > .page-subheading');\n// Verify that the billing address is same address filled at the time registration of account\ncy.get('#address_invoice > .address_title > .page-subheading');",
              "err": {},
              "uuid": "b6adcea0-ad6c-425d-abf5-fc039f5b80fb",
              "parentUUID": "3dd83d8a-241d-42f4-a7b1-6c14b972e542",
              "isHook": false,
              "skipped": false
            },
            {
              "title": "Download Invoice after purchase order",
              "fullTitle": "exerciseAutomation Download Invoice after purchase order",
              "timedOut": null,
              "duration": 0,
              "state": "pending",
              "speed": null,
              "pass": false,
              "fail": false,
              "pending": true,
              "context": null,
              "code": "//  Verify that home page is visible successfully\nheaderText: \"h1[contains(text(),'Automation practice website')]\";\n// Add products to cart\ncy.xpath(\"(//a[contains(text(),'Add to cart')])[3]\").click();\n// Click 'Cart' button\ncy.xpath(\"(//u[normalize-space()='View Cart'])[1]\").click();\n//  Verify that cart page is displayed\ncy.url().should('include', '/view_cart');\n// Click Proceed To Checkout\ncy.xpath(\"//a[@class='btn btn-default check_out']\").click();\n// Click 'Register / Login' button\ncy.get('.modal-body > :nth-child(2) > a > u').click();\n// Fill all details in Signup and create account\ncy.xpath(\"//input[@data-qa='signup-name']\").type('mohan');\ncy.xpath(\"//input[@data-qa='signup-email']\").type('2vupo3djlsokpjrt@gmail.com');\ncy.xpath(\"(//button[@type='submit'])[2]\").click();\ncy.xpath(\"//input[@data-qa='first_name']\").type(\"Chandu\");\ncy.xpath(\"//input[@data-qa='last_name']\").type(\"sai\");\ncy.xpath(\"//input[@id='password']\").type(\"Test@123\");\ncy.xpath(\"//input[@data-qa='company']\").type(\"Chandu Pvt Ltd\");\ncy.xpath(\"//input[@data-qa='address']\").type(\"Hyderabad\");\ncy.xpath(\"//input[@data-qa='address2']\").type(\"Sr nagar\");\ncy.xpath(\"//input[@data-qa='state']\").type(\"TS\");\ncy.xpath(\"//input[@data-qa='city']\").type(\"Hyderabd\");\ncy.xpath(\"//input[@data-qa='zipcode']\").type(\"500308\");\ncy.xpath(\"//input[@data-qa='mobile_number']\").type(\"9584573834\");\n// Verify 'ACCOUNT CREATED!' and click 'Continue' button\ncy.xpath(\"(//button[@type='submit'])[1]\").click();\ncy.xpath(\"//a[@data-qa='continue-button']\").click();\n// Verify Logged in as username' at top\ncy.xpath(\"//a[contains(text(),'Logged in as')]\").should('be.visible');\n// Click 'Cart' button\ncy.xpath(\"//a[contains(text(),'Cart')]\").click();\n// Click 'Proceed To Checkout' button\ncy.xpath(\"//a[@class='btn btn-default check_out']\").click();\n// Verify Address Details and Review Your Order\ncy.url().should('include', '/checkout');\n// Enter description in comment text area and click 'Place Order'\ncy.xpath(\"//textarea[@name='message']\").type('place oder');\ncy.xpath(\"//a[normalize-space()='Place Order']\").click();\n//Enter payment details: Name on Card, Card Number, CVC, Expiration date\ncy.xpath(\"//input[@name='name_on_card']\").type('sai chandu');\ncy.xpath(\"//input[@name='card_number']\").type('8967532551272');\ncy.xpath(\"//input[@data-qa='cvc']\").type('6756');\ncy.xpath(\"//input[@placeholder='MM']\").type('5');\ncy.xpath(\"//input[@placeholder='YYYY']\").type(\"2024\");\n//  Click 'Pay and Confirm Order' button\ncy.xpath(\"//button[@id='submit']\").click();\n//  Verify success message 'Your order has been placed successfully!'\ncy.get('.col-sm-9 > p').should('be.visible');\n// Click 'Download Invoice' button and verify invoice is downloaded successfully.\ncy.xpath(\"//a[@class='btn btn-default check_out']\").click().should('be.visible');\n// Click 'Continue' button\ncy.xpath(\"//a[@data-qa='continue-button']\").click();",
              "err": {},
              "uuid": "61ee96f9-6f05-4ca6-8bf3-1ea46c7772db",
              "parentUUID": "3dd83d8a-241d-42f4-a7b1-6c14b972e542",
              "isHook": false,
              "skipped": false
            },
            {
              "title": " Verify Scroll Up using 'Arrow' button and Scroll Down functionality",
              "fullTitle": "exerciseAutomation  Verify Scroll Up using 'Arrow' button and Scroll Down functionality",
              "timedOut": null,
              "duration": 0,
              "state": "pending",
              "speed": null,
              "pass": false,
              "fail": false,
              "pending": true,
              "context": null,
              "code": "//  Verify that home page is visible successfully\nheaderText: \"h1[contains(text(),'Automation practice website')]\";\n//Scroll down page to bottom\ncy.scrollTo('bottom');\n// Verify 'SUBSCRIPTION' is visible\ncy.xpath(\"//h2[contains(text(),'Subscription')]\").should('be.visible');\n//  Click on arrow at bottom right side to move upward\ncy.xpath(\"//button[@id='subscribe']\").type('ieoaj5nbvudkp@gmail.com').click();\n//Verify that page is scrolled up and 'Full-Fledged practice website for Automation Engineers' text is visible on screen\ncy.scrollTo('top');\ncy.xpath(\"//*[contains(text(), 'Full-Fledged practice website for Automation Engineers')]\").should('be.visible');",
              "err": {},
              "uuid": "2c75a77d-98c4-4e62-ace3-c36f520ba215",
              "parentUUID": "3dd83d8a-241d-42f4-a7b1-6c14b972e542",
              "isHook": false,
              "skipped": false
            },
            {
              "title": "Verify Scroll Up without 'Arrow' button and Scroll Down functionality",
              "fullTitle": "exerciseAutomation Verify Scroll Up without 'Arrow' button and Scroll Down functionality",
              "timedOut": null,
              "duration": 13904,
              "state": "passed",
              "speed": "slow",
              "pass": true,
              "fail": false,
              "pending": false,
              "context": null,
              "code": "//  Verify that home page is visible successfully\nheaderText: \"h1[contains(text(),'Automation practice website')]\";\n//Scroll down page to bottom\ncy.scrollTo('bottom');\n// Verify 'SUBSCRIPTION' is visible\ncy.contains('Subscription').scrollIntoView().should('be.visible');\ncy.wait(5000);\n// . Scroll up page to top\ncy.scrollTo('top');\n//  Verify that page is scrolled up and 'Full-Fledged practice website for Automation Engineers' text is visible on screen\ncy.contains('Full-Fledged practice website for Automation Engineers').should('be.visible');",
              "err": {},
              "uuid": "07d31656-2d08-4ba7-9813-f3d558166aa5",
              "parentUUID": "3dd83d8a-241d-42f4-a7b1-6c14b972e542",
              "isHook": false,
              "skipped": false
            }
          ],
          "suites": [],
          "passes": [
            "07d31656-2d08-4ba7-9813-f3d558166aa5"
          ],
          "failures": [],
          "pending": [
            "4772d5c6-b5a7-416e-9d9e-29567a1985c1",
            "2ca551bc-04eb-4a20-a9c0-def1387832d6",
            "2b048d24-5b2a-4edd-b9e5-953dffabae49",
            "f3ece660-8da0-4a17-831a-47b5827651fb",
            "92b90012-396c-4367-a1fd-a45bbeccc1c4",
            "3e5088a2-4744-472a-8333-aadbcef8d55c",
            "3c1c6a88-e7d0-4588-b7e3-2c6f72f46696",
            "a31bc9be-aabb-4330-924c-11532982a0f4",
            "d723f495-5099-41d6-b27e-8edf3ca5635b",
            "17355b73-c72c-4422-bee5-ed5644d088ff",
            "90d286f3-5160-42ee-89df-e85864556d36",
            "1c0895a4-2cc4-4c51-9714-4801f0b5270e",
            "100d24c1-6d01-4cea-a1f0-dc70fa85ed0f",
            "52a4d216-3ac3-43a6-98c2-93c6dfea5e85",
            "06ed95a0-8dcc-400e-adf2-cf9f93a8d7e8",
            "733da6a1-5af0-4cd7-b910-f290d94ce4c4",
            "73cd4cc7-e210-4b0c-afaf-f748819e6c47",
            "f2bbfd3d-8d75-4913-9368-00a499d4beda",
            "791e556a-5420-447e-8762-4c85c7df9423",
            "925a9c09-b947-4c93-92c6-b2dc6eefa98d",
            "d2a50485-d773-4d5d-8ca3-acc869ccad55",
            "df46dc3b-48e7-4d53-9f23-5fdbb39b9a90",
            "b6adcea0-ad6c-425d-abf5-fc039f5b80fb",
            "61ee96f9-6f05-4ca6-8bf3-1ea46c7772db",
            "2c75a77d-98c4-4e62-ace3-c36f520ba215"
          ],
          "skipped": [],
          "duration": 13904,
          "root": false,
          "rootEmpty": false,
          "_timeout": 2000
        }
      ],
      "passes": [],
      "failures": [],
      "pending": [],
      "skipped": [],
      "duration": 0,
      "root": true,
      "rootEmpty": true,
      "_timeout": 2000
    }
  ],
  "meta": {
    "mocha": {
      "version": "7.0.1"
    },
    "mochawesome": {
      "options": {
        "quiet": false,
        "reportFilename": "mochawesome",
        "saveHtml": false,
        "saveJson": true,
        "consoleReporter": "spec",
        "useInlineDiffs": false,
        "code": true
      },
      "version": "7.1.3"
    },
    "marge": {
      "options": {
        "overwrite": false,
        "html": false,
        "json": true,
        "reportDir": "cypress\\reports\\html\\.jsons"
      },
      "version": "6.2.0"
    }
  }
}